<?xml version="1.0" encoding="UTF-8"?>
<robot generator="Robot 7.2.2 (Python 3.13.2 on win32)" generated="2025-05-12T07:27:55.600885" rpa="false" schemaversion="5">
<suite id="s1" name="Robotframe Test" source="C:\Users\t.limadebarros\Documents\robotframe_test">
<suite id="s1-s1" name="Tests" source="C:\Users\t.limadebarros\Documents\robotframe_test\tests">
<suite id="s1-s1-s1" name="AanvraagBijzonderBeheer" source="C:\Users\t.limadebarros\Documents\robotframe_test\tests\AanvraagBijzonderBeheer.robot">
<test id="s1-s1-s1-t1" name="Aanvraag gedwongen verkoop via intermediairsingang" line="8">
<kw name="Setup Test Environment" owner="Global" type="SETUP">
<kw name="Generate Random String" owner="Global">
<kw name="Evaluate" owner="BuiltIn">
<msg time="2025-05-12T07:27:55.855803" level="INFO">${random_string} = Vge9d0GL</msg>
<var>${random_string}</var>
<arg>''.join(random.choices(string.ascii_letters + string.digits, k=${length}))</arg>
<arg>modules=random,string</arg>
<doc>Evaluates the given expression in Python and returns the result.</doc>
<status status="PASS" start="2025-05-12T07:27:55.855308" elapsed="0.000682"/>
</kw>
<return>
<value>${random_string}</value>
<status status="PASS" start="2025-05-12T07:27:55.856132" elapsed="0.000309"/>
</return>
<doc>Genereert een willekeurige tekenreeks van een opgegeven lengte.</doc>
<status status="PASS" start="2025-05-12T07:27:55.854646" elapsed="0.001920"/>
</kw>
<kw name="Generate Random Digits" owner="Global">
<kw name="Evaluate" owner="BuiltIn">
<msg time="2025-05-12T07:27:55.857623" level="INFO">${random_digits} = 7321318780</msg>
<var>${random_digits}</var>
<arg>''.join(random.choices(string.digits, k=${length}))</arg>
<arg>modules=random,string</arg>
<doc>Evaluates the given expression in Python and returns the result.</doc>
<status status="PASS" start="2025-05-12T07:27:55.857170" elapsed="0.000624"/>
</kw>
<return>
<value>${random_digits}</value>
<status status="PASS" start="2025-05-12T07:27:55.857900" elapsed="0.000141"/>
</return>
<doc>Genereert een willekeurige reeks cijfers van een opgegeven lengte.</doc>
<status status="PASS" start="2025-05-12T07:27:55.856773" elapsed="0.001370"/>
</kw>
<kw name="Open Test Login Page" owner="Global">
<kw name="New Browser" owner="Browser">
<msg time="2025-05-12T07:27:55.859302" level="INFO">{"browser": "chromium", "headless": true, "chromiumSandbox": false, "devtools": false, "handleSIGHUP": true, "handleSIGINT": true, "handleSIGTERM": true, "slowMo": 0.0, "timeout": 30000.0, "tracesDir": "C:\\Users\\t.limadebarros\\Documents\\robotframe_test\\results\\browser\\traces\\temp\\894eea4a-31e4-4bab-8205-f22066c3574a"}</msg>
<msg time="2025-05-12T07:27:55.901892" level="INFO">Starting Browser process C:\Users\t.limadebarros\Documents\robotframe_test\.venv\Lib\site-packages\Browser\wrapper\index.js using port 61990</msg>
<msg time="2025-05-12T07:27:55.902163" level="INFO">Node startup parameters: ['node', 'C:\\Users\\t.limadebarros\\Documents\\robotframe_test\\.venv\\Lib\\site-packages\\Browser\\wrapper\\index.js', '61990']</msg>
<msg time="2025-05-12T07:27:57.332305" level="INFO">Successfully created browser with options: {"browser":"chromium","headless":true,"chromiumSandbox":false,"devtools":false,"handleSIGHUP":true,"handleSIGINT":true,"handleSIGTERM":true,"slowMo":0,"timeout":30000,"tracesDir":"C:\\Users\\t.limadebarros\\Documents\\robotframe_test\\results\\browser\\traces\\temp\\894eea4a-31e4-4bab-8205-f22066c3574a"}</msg>
<arg>browser=${BROWSER}</arg>
<arg>headless=${HEADLESS}</arg>
<arg>timeout=${TIMEOUT}</arg>
<tag>BrowserControl</tag>
<tag>Setter</tag>
<doc>Create a new playwright Browser with specified options.</doc>
<status status="PASS" start="2025-05-12T07:27:55.858597" elapsed="1.474200"/>
</kw>
<kw name="New Page" owner="Browser">
<msg time="2025-05-12T07:27:57.776783" level="INFO">Successfully initialized new page object and opened url: https://aanvraag.test.digitaaltaxatierapport.nl</msg>
<msg time="2025-05-12T07:27:57.777039" level="INFO">No context was open. New context was automatically opened when this page is created.</msg>
<arg>${BASE_URL_TEST}</arg>
<tag>BrowserControl</tag>
<tag>Setter</tag>
<doc>Open a new Page.</doc>
<status status="PASS" start="2025-05-12T07:27:57.333153" elapsed="0.444081"/>
</kw>
<doc>Opent test omgeving in een nieuwe browsersessie.</doc>
<status status="PASS" start="2025-05-12T07:27:55.858275" elapsed="1.919128"/>
</kw>
<kw name="Cookies weigeren" owner="Global">
<kw name="Wait For Elements State" owner="Browser">
<msg time="2025-05-12T07:27:57.809429" level="INFO">Waited for Element with selector css=button &gt;&gt; text="Weigeren" at state visible</msg>
<arg>css=button &gt;&gt; text="Weigeren"</arg>
<arg>visible</arg>
<tag>PageContent</tag>
<tag>Wait</tag>
<doc>Waits for the element found by ``selector`` to satisfy state option.</doc>
<status status="PASS" start="2025-05-12T07:27:57.778173" elapsed="0.031529"/>
</kw>
<kw name="Click" owner="Browser">
<msg time="2025-05-12T07:27:57.810456" level="INFO">Clicks the element 'css=button &gt;&gt; text="Weigeren"'.</msg>
<arg>css=button &gt;&gt; text="Weigeren"</arg>
<tag>PageContent</tag>
<tag>Setter</tag>
<doc>Simulates mouse click on the element found by ``selector``.</doc>
<status status="PASS" start="2025-05-12T07:27:57.809885" elapsed="0.051931"/>
</kw>
<doc>Behandelt cookie- en authenticatiepop-ups.</doc>
<status status="PASS" start="2025-05-12T07:27:57.777588" elapsed="0.084435"/>
</kw>
<doc>Laadt de test-omgeving en opent de inlogpagina en weigert cookies.</doc>
<status status="PASS" start="2025-05-12T07:27:55.854099" elapsed="2.008025"/>
</kw>
<kw name="Ga naar de aanvraag pagina" owner="AanvraagStraat">
<kw name="Get Text" owner="Browser">
<msg time="2025-05-12T07:27:57.887944" level="INFO">Text: 'Woningtaxatie aanvragen'</msg>
<arg>${PAGE_HEADER}</arg>
<arg>==</arg>
<arg>${HEADER}</arg>
<tag>Assertion</tag>
<tag>Getter</tag>
<tag>PageContent</tag>
<doc>Returns text attribute of the element found by ``selector``.</doc>
<status status="PASS" start="2025-05-12T07:27:57.863746" elapsed="0.024473"/>
</kw>
<for flavor="IN">
<iter>
<kw name="Log" owner="BuiltIn">
<msg time="2025-05-12T07:27:57.889265" level="INFO">Verifying tile: Consument</msg>
<arg>Verifying tile: ${naam}</arg>
<doc>Logs the given message with the given level.</doc>
<status status="PASS" start="2025-05-12T07:27:57.889018" elapsed="0.000384"/>
</kw>
<kw name="Get Text" owner="Browser">
<msg time="2025-05-12T07:27:57.905865" level="INFO">Text: 'Consument'</msg>
<arg>//h6[normalize-space()="${naam}"]</arg>
<arg>==</arg>
<arg>${naam}</arg>
<tag>Assertion</tag>
<tag>Getter</tag>
<tag>PageContent</tag>
<doc>Returns text attribute of the element found by ``selector``.</doc>
<status status="PASS" start="2025-05-12T07:27:57.889539" elapsed="0.016588"/>
</kw>
<var name="${naam}">Consument</var>
<status status="PASS" start="2025-05-12T07:27:57.888827" elapsed="0.017429"/>
</iter>
<iter>
<kw name="Log" owner="BuiltIn">
<msg time="2025-05-12T07:27:57.906937" level="INFO">Verifying tile: Taxateur</msg>
<arg>Verifying tile: ${naam}</arg>
<doc>Logs the given message with the given level.</doc>
<status status="PASS" start="2025-05-12T07:27:57.906699" elapsed="0.000414"/>
</kw>
<kw name="Get Text" owner="Browser">
<msg time="2025-05-12T07:27:57.939049" level="INFO">Text: 'Taxateur'</msg>
<arg>//h6[normalize-space()="${naam}"]</arg>
<arg>==</arg>
<arg>${naam}</arg>
<tag>Assertion</tag>
<tag>Getter</tag>
<tag>PageContent</tag>
<doc>Returns text attribute of the element found by ``selector``.</doc>
<status status="PASS" start="2025-05-12T07:27:57.907235" elapsed="0.032175"/>
</kw>
<var name="${naam}">Taxateur</var>
<status status="PASS" start="2025-05-12T07:27:57.906425" elapsed="0.033117"/>
</iter>
<iter>
<kw name="Log" owner="BuiltIn">
<msg time="2025-05-12T07:27:57.940589" level="INFO">Verifying tile: Geldverstrekker</msg>
<arg>Verifying tile: ${naam}</arg>
<doc>Logs the given message with the given level.</doc>
<status status="PASS" start="2025-05-12T07:27:57.940169" elapsed="0.000574"/>
</kw>
<kw name="Get Text" owner="Browser">
<msg time="2025-05-12T07:27:57.958261" level="INFO">Text: 'Geldverstrekker'</msg>
<arg>//h6[normalize-space()="${naam}"]</arg>
<arg>==</arg>
<arg>${naam}</arg>
<tag>Assertion</tag>
<tag>Getter</tag>
<tag>PageContent</tag>
<doc>Returns text attribute of the element found by ``selector``.</doc>
<status status="PASS" start="2025-05-12T07:27:57.941072" elapsed="0.017612"/>
</kw>
<var name="${naam}">Geldverstrekker</var>
<status status="PASS" start="2025-05-12T07:27:57.939677" elapsed="0.019148"/>
</iter>
<iter>
<kw name="Log" owner="BuiltIn">
<msg time="2025-05-12T07:27:57.959415" level="INFO">Verifying tile: Tussenpersoon</msg>
<arg>Verifying tile: ${naam}</arg>
<doc>Logs the given message with the given level.</doc>
<status status="PASS" start="2025-05-12T07:27:57.959190" elapsed="0.000365"/>
</kw>
<kw name="Get Text" owner="Browser">
<msg time="2025-05-12T07:27:57.977197" level="INFO">Text: 'Tussenpersoon'</msg>
<arg>//h6[normalize-space()="${naam}"]</arg>
<arg>==</arg>
<arg>${naam}</arg>
<tag>Assertion</tag>
<tag>Getter</tag>
<tag>PageContent</tag>
<doc>Returns text attribute of the element found by ``selector``.</doc>
<status status="PASS" start="2025-05-12T07:27:57.959693" elapsed="0.017755"/>
</kw>
<var name="${naam}">Tussenpersoon</var>
<status status="PASS" start="2025-05-12T07:27:57.958953" elapsed="0.018617"/>
</iter>
<iter>
<kw name="Log" owner="BuiltIn">
<msg time="2025-05-12T07:27:57.978284" level="INFO">Verifying tile: Woningcorporatie</msg>
<arg>Verifying tile: ${naam}</arg>
<doc>Logs the given message with the given level.</doc>
<status status="PASS" start="2025-05-12T07:27:57.978002" elapsed="0.000468"/>
</kw>
<kw name="Get Text" owner="Browser">
<msg time="2025-05-12T07:27:57.989340" level="INFO">Text: 'Woningcorporatie'</msg>
<arg>//h6[normalize-space()="${naam}"]</arg>
<arg>==</arg>
<arg>${naam}</arg>
<tag>Assertion</tag>
<tag>Getter</tag>
<tag>PageContent</tag>
<doc>Returns text attribute of the element found by ``selector``.</doc>
<status status="PASS" start="2025-05-12T07:27:57.978604" elapsed="0.010971"/>
</kw>
<var name="${naam}">Woningcorporatie</var>
<status status="PASS" start="2025-05-12T07:27:57.977691" elapsed="0.012009"/>
</iter>
<var>${naam}</var>
<value>@{AANVRAGEN}</value>
<status status="PASS" start="2025-05-12T07:27:57.888365" elapsed="0.101389"/>
</for>
<doc>Verifieert de aanwezigheid van de elementen op de Woningtaxatie aanvragen pagina.</doc>
<status status="PASS" start="2025-05-12T07:27:57.863233" elapsed="0.126602"/>
</kw>
<kw name="Kies aanvraag" owner="AanvraagStraat">
<kw name="Click" owner="Browser">
<msg time="2025-05-12T07:27:57.991084" level="INFO">Clicks the element '//h6[normalize-space()="Tussenpersoon"]'.</msg>
<arg>//h6[normalize-space()="${ingang}"]</arg>
<tag>PageContent</tag>
<tag>Setter</tag>
<doc>Simulates mouse click on the element found by ``selector``.</doc>
<status status="PASS" start="2025-05-12T07:27:57.990694" elapsed="0.053706"/>
</kw>
<arg>Tussenpersoon</arg>
<doc>Selecteert de ingang op basis van de opgegeven waarde.</doc>
<status status="PASS" start="2025-05-12T07:27:57.990315" elapsed="0.054281"/>
</kw>
<kw name="Vul Adresgegevens" owner="AanvraagStraatKeywords">
<kw name="Postcode Huisnummer" owner="AanvraagStraat">
<kw name="Type Text" owner="Browser">
<msg time="2025-05-12T07:27:58.050493" level="INFO">Types the text '5398JJ' in the given field.</msg>
<arg>//input[@id="searchPostcode"]</arg>
<arg>${postcode}</arg>
<tag>PageContent</tag>
<tag>Setter</tag>
<doc>Types the given ``txt`` into the text field found by ``selector``.</doc>
<status status="PASS" start="2025-05-12T07:27:58.048169" elapsed="0.081560"/>
</kw>
<kw name="Type Text" owner="Browser">
<msg time="2025-05-12T07:27:58.133477" level="INFO">Types the text '57' in the given field.</msg>
<arg>//input[@id="searchHouseNumber"]</arg>
<arg>${huisnummer}</arg>
<tag>PageContent</tag>
<tag>Setter</tag>
<doc>Types the given ``txt`` into the text field found by ``selector``.</doc>
<status status="PASS" start="2025-05-12T07:27:58.130426" elapsed="0.026892"/>
</kw>
<arg>${postcode}</arg>
<arg>${huisnummer}</arg>
<doc>Voert postcode en huisnummer in.</doc>
<status status="PASS" start="2025-05-12T07:27:58.047086" elapsed="0.110403"/>
</kw>
<kw name="Click op" owner="AanvraagStraat">
<kw name="Click" owner="Browser">
<msg time="2025-05-12T07:27:58.158423" level="INFO">Clicks the element 'css=button &gt;&gt; text=Zoeken'.</msg>
<arg>css=button &gt;&gt; text=${button_text}</arg>
<tag>PageContent</tag>
<tag>Setter</tag>
<doc>Simulates mouse click on the element found by ``selector``.</doc>
<status status="PASS" start="2025-05-12T07:27:58.158024" elapsed="0.057122"/>
</kw>
<arg>Zoeken</arg>
<doc>Klikt op de opgegeven knop.</doc>
<status status="PASS" start="2025-05-12T07:27:58.157647" elapsed="0.058075"/>
</kw>
<kw name="Adres Selecteren Zonder Huisnummertoevoeging" owner="AanvraagStraat">
<kw name="Hover" owner="Browser">
<arg>//span[normalize-space()="${straat} ${huisnummer}"]</arg>
<tag>PageContent</tag>
<tag>Setter</tag>
<doc>Moves the virtual mouse and scrolls to the element found by ``selector``.</doc>
<status status="PASS" start="2025-05-12T07:27:58.217882" elapsed="0.898613"/>
</kw>
<kw name="Click" owner="Browser">
<msg time="2025-05-12T07:27:59.117413" level="INFO">Clicks the element '//span[normalize-space()="Provincialeweg 57"]'.</msg>
<arg>//span[normalize-space()="${straat} ${huisnummer}"]</arg>
<tag>PageContent</tag>
<tag>Setter</tag>
<doc>Simulates mouse click on the element found by ``selector``.</doc>
<status status="PASS" start="2025-05-12T07:27:59.116731" elapsed="0.043581"/>
</kw>
<kw name="Hover" owner="Browser">
<arg>css=button &gt;&gt; text=Selecteer</arg>
<tag>PageContent</tag>
<tag>Setter</tag>
<doc>Moves the virtual mouse and scrolls to the element found by ``selector``.</doc>
<status status="PASS" start="2025-05-12T07:27:59.160569" elapsed="0.056088"/>
</kw>
<arg>${straatnaam}</arg>
<arg>${huisnummer}</arg>
<doc>Selecteert een adres zonder huisnummertoevoeging.</doc>
<status status="PASS" start="2025-05-12T07:27:58.216519" elapsed="1.000434"/>
</kw>
<arg>5398JJ</arg>
<arg>57</arg>
<arg>Provincialeweg</arg>
<doc>Vul de adresgegevens in.</doc>
<status status="PASS" start="2025-05-12T07:27:58.045531" elapsed="1.171584"/>
</kw>
<kw name="Selecteer Adres" owner="AanvraagStraatKeywords">
<kw name="Click op" owner="AanvraagStraat">
<kw name="Click" owner="Browser">
<msg time="2025-05-12T07:27:59.218833" level="INFO">Clicks the element 'css=button &gt;&gt; text=Selecteer'.</msg>
<arg>css=button &gt;&gt; text=${button_text}</arg>
<tag>PageContent</tag>
<tag>Setter</tag>
<doc>Simulates mouse click on the element found by ``selector``.</doc>
<status status="PASS" start="2025-05-12T07:27:59.218407" elapsed="0.040618"/>
</kw>
<arg>Selecteer</arg>
<doc>Klikt op de opgegeven knop.</doc>
<status status="PASS" start="2025-05-12T07:27:59.218149" elapsed="0.041071"/>
</kw>
<status status="PASS" start="2025-05-12T07:27:59.217766" elapsed="0.041527"/>
</kw>
<kw name="Vul Bouwgegevens" owner="AanvraagStraatKeywords">
<kw name="Soort Bouw" owner="AanvraagStraat">
<kw name="Get Text" owner="Browser">
<msg time="2025-05-12T07:27:59.376958" level="INFO">Text: 'Om welk type bouw gaat het?'</msg>
<arg>//h2[normalize-space()="Om welk type bouw gaat het?"]</arg>
<arg>==</arg>
<arg>Om welk type bouw gaat het?</arg>
<tag>Assertion</tag>
<tag>Getter</tag>
<tag>PageContent</tag>
<doc>Returns text attribute of the element found by ``selector``.</doc>
<status status="PASS" start="2025-05-12T07:27:59.260537" elapsed="0.116687"/>
</kw>
<kw name="Click" owner="Browser">
<msg time="2025-05-12T07:27:59.377991" level="INFO">Clicks the element '//label[normalize-space()="Bestaande bouw"]'.</msg>
<arg>//label[normalize-space()="${soortbouw}"]</arg>
<tag>PageContent</tag>
<tag>Setter</tag>
<doc>Simulates mouse click on the element found by ``selector``.</doc>
<status status="PASS" start="2025-05-12T07:27:59.377422" elapsed="0.031171"/>
</kw>
<arg>${soort_bouw}</arg>
<doc>Selecteert het type bouw.</doc>
<status status="PASS" start="2025-05-12T07:27:59.260270" elapsed="0.148604"/>
</kw>
<kw name="Click op" owner="AanvraagStraat">
<kw name="Click" owner="Browser">
<msg time="2025-05-12T07:27:59.409851" level="INFO">Clicks the element 'css=button &gt;&gt; text=Volgende'.</msg>
<arg>css=button &gt;&gt; text=${button_text}</arg>
<tag>PageContent</tag>
<tag>Setter</tag>
<doc>Simulates mouse click on the element found by ``selector``.</doc>
<status status="PASS" start="2025-05-12T07:27:59.409423" elapsed="0.051988"/>
</kw>
<arg>Volgende</arg>
<doc>Klikt op de opgegeven knop.</doc>
<status status="PASS" start="2025-05-12T07:27:59.409062" elapsed="0.052550"/>
</kw>
<arg>Bestaande bouw</arg>
<doc>Vul de bouwgegevens in.</doc>
<status status="PASS" start="2025-05-12T07:27:59.259866" elapsed="0.201841"/>
</kw>
<kw name="Vul Doelgegevens" owner="AanvraagStraatKeywords">
<kw name="Doel" owner="AanvraagStraat">
<kw name="Get Text" owner="Browser">
<msg time="2025-05-12T07:27:59.509333" level="INFO">Text: 'Doel van taxatie'</msg>
<arg>//h2[normalize-space()="Doel van taxatie"]</arg>
<arg>==</arg>
<arg>Doel van taxatie</arg>
<tag>Assertion</tag>
<tag>Getter</tag>
<tag>PageContent</tag>
<doc>Returns text attribute of the element found by ``selector``.</doc>
<status status="PASS" start="2025-05-12T07:27:59.464451" elapsed="0.045285"/>
</kw>
<kw name="Run Keyword If" owner="BuiltIn">
<kw name="Click" owner="Browser">
<msg time="2025-05-12T07:27:59.511590" level="INFO">Clicks the element '//label[contains(text(),"De woning gedwongen verkopen (in opdracht van een afdeling Bijzonder Beheer)")]'.</msg>
<arg>//label[contains(text(),"De woning gedwongen verkopen (in opdracht van een afdeling Bijzonder Beheer)")]</arg>
<tag>PageContent</tag>
<tag>Setter</tag>
<doc>Simulates mouse click on the element found by ``selector``.</doc>
<status status="PASS" start="2025-05-12T07:27:59.510534" elapsed="0.050692"/>
</kw>
<arg>'${doel}' == 'Financiering'</arg>
<arg>Click</arg>
<arg>//label[normalize-space()="Een lening krijgen of aanpassen (financiering)"]</arg>
<arg>ELSE IF</arg>
<arg>'${doel}' == 'Aankoopbeslissing'</arg>
<arg>Click</arg>
<arg>//label[normalize-space()="U wilt de woning kopen (aankoopbeslissing)"]</arg>
<arg>ELSE IF</arg>
<arg>'${doel}' == 'Gedwongen Verkoop'</arg>
<arg>Click</arg>
<arg>//label[contains(text(),"De woning gedwongen verkopen (in opdracht van een afdeling Bijzonder Beheer)")]</arg>
<arg>ELSE IF</arg>
<arg>'${doel}' == 'Een Andere Reden'</arg>
<arg>Click</arg>
<arg>//label[contains(text(),"Een andere reden, namelijk (bijvoorbeeld voor een boedelscheiding of een vereffening van een erfenis")]</arg>
<arg>ELSE</arg>
<arg>Fail</arg>
<arg>"Invalid doel value: ${doel}"</arg>
<doc>Runs the given keyword with the given arguments, if ``condition`` is true.</doc>
<status status="PASS" start="2025-05-12T07:27:59.509976" elapsed="0.051415"/>
</kw>
<arg>${doel}</arg>
<doc>Selecteert het doel van de taxatie.</doc>
<status status="PASS" start="2025-05-12T07:27:59.463397" elapsed="0.098117"/>
</kw>
<kw name="Click op" owner="AanvraagStraat">
<kw name="Click" owner="Browser">
<msg time="2025-05-12T07:27:59.562508" level="INFO">Clicks the element 'css=button &gt;&gt; text=Volgende'.</msg>
<arg>css=button &gt;&gt; text=${button_text}</arg>
<tag>PageContent</tag>
<tag>Setter</tag>
<doc>Simulates mouse click on the element found by ``selector``.</doc>
<status status="PASS" start="2025-05-12T07:27:59.562075" elapsed="0.047865"/>
</kw>
<arg>Volgende</arg>
<doc>Klikt op de opgegeven knop.</doc>
<status status="PASS" start="2025-05-12T07:27:59.561672" elapsed="0.048520"/>
</kw>
<arg>Gedwongen Verkoop</arg>
<doc>Vul het doel van de aanvraag in.</doc>
<status status="PASS" start="2025-05-12T07:27:59.462429" elapsed="0.147944"/>
</kw>
<kw name="Vul Tussenpersoongegevens" owner="AanvraagStraatKeywords">
<kw name="Tussenpersoon" owner="AanvraagStraat">
<kw name="Get Text" owner="Browser">
<msg time="2025-05-12T07:27:59.861778" level="INFO">Text: 'Tussenpersoon'</msg>
<arg>//h2[normalize-space()="Tussenpersoon"]</arg>
<arg>==</arg>
<arg>Tussenpersoon</arg>
<tag>Assertion</tag>
<tag>Getter</tag>
<tag>PageContent</tag>
<doc>Returns text attribute of the element found by ``selector``.</doc>
<status status="PASS" start="2025-05-12T07:27:59.611315" elapsed="0.250707"/>
</kw>
<status status="PASS" start="2025-05-12T07:27:59.611077" elapsed="0.251098"/>
</kw>
<kw name="Opvoeren Tekst Combobox" owner="AanvraagStraat">
<kw name="Type Text" owner="Browser">
<msg time="2025-05-12T07:27:59.863941" level="INFO">Types the text 'Redert Advies' in the given field.</msg>
<arg>css=[id^="headlessui-combobox-input-:"]</arg>
<arg>${comboboxtekst}</arg>
<tag>PageContent</tag>
<tag>Setter</tag>
<doc>Types the given ``txt`` into the text field found by ``selector``.</doc>
<status status="PASS" start="2025-05-12T07:27:59.862925" elapsed="0.088059"/>
</kw>
<arg>${tussenpersoon}</arg>
<status status="PASS" start="2025-05-12T07:27:59.862334" elapsed="0.088966"/>
</kw>
<kw name="Bevestig Keuze Combobox" owner="AanvraagStraat">
<kw name="Click" owner="Browser">
<msg time="2025-05-12T07:27:59.953256" level="INFO">Clicks the element 'css=[id^="headlessui-combobox-option-:"]'.</msg>
<msg time="2025-05-12T07:28:10.105346" level="INFO" html="true">&lt;/td&gt;&lt;/tr&gt;&lt;tr&gt;&lt;td colspan="3"&gt;&lt;a href="browser/screenshot/fail-screenshot-1.png" target="_blank"&gt;&lt;img src="browser/screenshot/fail-screenshot-1.png" width="800px"/&gt;&lt;/a&gt;</msg>
<msg time="2025-05-12T07:28:10.105850" level="INFO">See also file:///C:/Users/t.limadebarros/Documents/robotframe_test/results/playwright-log.txt for additional details.</msg>
<msg time="2025-05-12T07:28:10.106454" level="FAIL">TimeoutError: locator.click: Timeout 10000ms exceeded.
Call log:
  - waiting for locator('[id^="headlessui-combobox-option-:"]').first()
</msg>
<arg>css=[id^="headlessui-combobox-option-:"]</arg>
<tag>PageContent</tag>
<tag>Setter</tag>
<doc>Simulates mouse click on the element found by ``selector``.</doc>
<status status="FAIL" start="2025-05-12T07:27:59.952375" elapsed="10.159942">TimeoutError: locator.click: Timeout 10000ms exceeded.
Call log:
  - waiting for locator('[id^="headlessui-combobox-option-:"]').first()
</status>
</kw>
<status status="FAIL" start="2025-05-12T07:27:59.951621" elapsed="10.161227">TimeoutError: locator.click: Timeout 10000ms exceeded.
Call log:
  - waiting for locator('[id^="headlessui-combobox-option-:"]').first()
</status>
</kw>
<kw name="Click op" owner="AanvraagStraat">
<arg>Volgende</arg>
<doc>Klikt op de opgegeven knop.</doc>
<status status="NOT RUN" start="2025-05-12T07:28:10.113247" elapsed="0.000306"/>
</kw>
<arg>Redert Advies</arg>
<status status="FAIL" start="2025-05-12T07:27:59.610705" elapsed="10.503074">TimeoutError: locator.click: Timeout 10000ms exceeded.
Call log:
  - waiting for locator('[id^="headlessui-combobox-option-:"]').first()
</status>
</kw>
<kw name="Vul Geldverstrekkergegevens" owner="AanvraagStraatKeywords">
<arg>AEGON Bijzonder Beheer</arg>
<status status="NOT RUN" start="2025-05-12T07:28:10.114446" elapsed="0.000291"/>
</kw>
<kw name="Vul Opdrachtgever Relatie" owner="AanvraagStraatKeywords">
<status status="NOT RUN" start="2025-05-12T07:28:10.115491" elapsed="0.000213"/>
</kw>
<kw name="Vul Opdrachtvoorwaarden" owner="AanvraagStraatKeywords">
<status status="NOT RUN" start="2025-05-12T07:28:10.116052" elapsed="0.000185"/>
</kw>
<kw name="Vul Waardepeildatum" owner="AanvraagStraatKeywords">
<arg>01-04-2025</arg>
<status status="NOT RUN" start="2025-05-12T07:28:10.116550" elapsed="0.000178"/>
</kw>
<kw name="Vul Vervolg Opdrachtvoorwaarden" owner="AanvraagStraatKeywords">
<arg>Geen aanvullende afspraken</arg>
<arg>0</arg>
<arg>561,99</arg>
<arg>89,49</arg>
<status status="NOT RUN" start="2025-05-12T07:28:10.117058" elapsed="0.000188"/>
</kw>
<kw name="Vul Taxateurgegevens" owner="AanvraagStraatKeywords">
<arg>NWWI Test Kantoor</arg>
<status status="NOT RUN" start="2025-05-12T07:28:10.117760" elapsed="0.000263"/>
</kw>
<kw name="Controleer En Verstuur Aanvraag" owner="AanvraagStraatKeywords">
<status status="NOT RUN" start="2025-05-12T07:28:10.118737" elapsed="0.000219"/>
</kw>
<kw name="Take Screenshot" owner="Browser" type="TEARDOWN">
<msg time="2025-05-12T07:28:10.214611" level="INFO" html="true">&lt;/td&gt;&lt;/tr&gt;&lt;tr&gt;&lt;td colspan="3"&gt;&lt;a href="browser/screenshot/robotframework-browser-screenshot-1.png" target="_blank"&gt;&lt;img src="browser/screenshot/robotframework-browser-screenshot-1.png" width="800px"/&gt;&lt;/a&gt;</msg>
<tag>PageContent</tag>
<doc>Takes a screenshot of the current window or element and saves it to disk.</doc>
<status status="PASS" start="2025-05-12T07:28:10.119455" elapsed="0.095517"/>
</kw>
<msg time="2025-05-12T07:28:10.221806" level="INFO">Set timeout to: 10000</msg>
<msg time="2025-05-12T07:28:10.244336" level="INFO">Switching context to context=dd76d5ee-d196-4d08-9693-818b41d8e13c in CURRENT</msg>
<msg time="2025-05-12T07:28:10.260441" level="INFO">Successfully changed active context: context=dd76d5ee-d196-4d08-9693-818b41d8e13c</msg>
<msg time="2025-05-12T07:28:10.280642" level="INFO">Successfully closed Context</msg>
<status status="FAIL" start="2025-05-12T07:27:55.850453" elapsed="14.365286">TimeoutError: locator.click: Timeout 10000ms exceeded.
Call log:
  - waiting for locator('[id^="headlessui-combobox-option-:"]').first()
</status>
</test>
<status status="FAIL" start="2025-05-12T07:27:55.630072" elapsed="14.653295"/>
</suite>
<status status="FAIL" start="2025-05-12T07:27:55.626919" elapsed="14.671165"/>
</suite>
<status status="FAIL" start="2025-05-12T07:27:55.608876" elapsed="14.691449"/>
</suite>
<statistics>
<total>
<stat pass="0" fail="1" skip="0">All Tests</stat>
</total>
<tag>
</tag>
<suite>
<stat name="Robotframe Test" id="s1" pass="0" fail="1" skip="0">Robotframe Test</stat>
<stat name="Tests" id="s1-s1" pass="0" fail="1" skip="0">Robotframe Test.Tests</stat>
<stat name="AanvraagBijzonderBeheer" id="s1-s1-s1" pass="0" fail="1" skip="0">Robotframe Test.Tests.AanvraagBijzonderBeheer</stat>
</suite>
</statistics>
<errors>
</errors>
</robot>
