<?xml version="1.0" encoding="UTF-8"?>
<robot generator="Robot 7.2.2 (Python 3.13.2 on win32)" generated="2025-04-24T11:43:16.052856" rpa="false" schemaversion="5">
<suite id="s1" name="Robotframe Test" source="C:\Users\t.limadebarros\Documents\robotframe_test">
<suite id="s1-s1" name="Tests" source="C:\Users\t.limadebarros\Documents\robotframe_test\tests">
<suite id="s1-s1-s1" name="Aanvraag Bijzonder Beheer" source="C:\Users\t.limadebarros\Documents\robotframe_test\tests\aanvraag_bijzonder_beheer.robot">
<test id="s1-s1-s1-t1" name="Aanvraag gedwongen verkoop via intermediairsingang" line="8">
<kw name="Setup Test Environment" owner="Global" type="SETUP">
<kw name="Generate Random String" owner="Global">
<kw name="Evaluate" owner="BuiltIn">
<msg time="2025-04-24T11:43:16.409064" level="INFO">${random_string} = FgPvMwzp</msg>
<var>${random_string}</var>
<arg>''.join(random.choices(string.ascii_letters + string.digits, k=${length}))</arg>
<arg>modules=random,string</arg>
<doc>Evaluates the given expression in Python and returns the result.</doc>
<status status="PASS" start="2025-04-24T11:43:16.407353" elapsed="0.002775"/>
</kw>
<return>
<value>${random_string}</value>
<status status="PASS" start="2025-04-24T11:43:16.410536" elapsed="0.001853"/>
</return>
<doc>Genereert een willekeurige tekenreeks van een opgegeven lengte.</doc>
<status status="PASS" start="2025-04-24T11:43:16.406035" elapsed="0.006824"/>
</kw>
<kw name="Generate Random Digits" owner="Global">
<kw name="Evaluate" owner="BuiltIn">
<msg time="2025-04-24T11:43:16.414282" level="INFO">${random_digits} = 3860924940</msg>
<var>${random_digits}</var>
<arg>''.join(random.choices(string.digits, k=${length}))</arg>
<arg>modules=random,string</arg>
<doc>Evaluates the given expression in Python and returns the result.</doc>
<status status="PASS" start="2025-04-24T11:43:16.413794" elapsed="0.000679"/>
</kw>
<return>
<value>${random_digits}</value>
<status status="PASS" start="2025-04-24T11:43:16.414581" elapsed="0.000182"/>
</return>
<doc>Genereert een willekeurige reeks cijfers van een opgegeven lengte.</doc>
<status status="PASS" start="2025-04-24T11:43:16.413205" elapsed="0.001681"/>
</kw>
<kw name="Open Test Login Page" owner="Global">
<kw name="New Browser" owner="Browser">
<msg time="2025-04-24T11:43:16.416151" level="INFO">{"browser": "chromium", "headless": true, "chromiumSandbox": false, "devtools": false, "handleSIGHUP": true, "handleSIGINT": true, "handleSIGTERM": true, "slowMo": 0.0, "timeout": 30000.0, "tracesDir": "C:\\Users\\t.limadebarros\\Documents\\robotframe_test\\results\\browser\\traces\\temp\\75ee5c2b-54fb-4aba-9225-419de921f54b"}</msg>
<msg time="2025-04-24T11:43:16.487187" level="INFO">Starting Browser process C:\Users\t.limadebarros\Documents\robotframe_test\.venv\Lib\site-packages\Browser\wrapper\index.js using port 59033</msg>
<msg time="2025-04-24T11:43:16.487793" level="INFO">Node startup parameters: ['node', 'C:\\Users\\t.limadebarros\\Documents\\robotframe_test\\.venv\\Lib\\site-packages\\Browser\\wrapper\\index.js', '59033']</msg>
<msg time="2025-04-24T11:43:17.907974" level="INFO">Successfully created browser with options: {"browser":"chromium","headless":true,"chromiumSandbox":false,"devtools":false,"handleSIGHUP":true,"handleSIGINT":true,"handleSIGTERM":true,"slowMo":0,"timeout":30000,"tracesDir":"C:\\Users\\t.limadebarros\\Documents\\robotframe_test\\results\\browser\\traces\\temp\\75ee5c2b-54fb-4aba-9225-419de921f54b"}</msg>
<arg>browser=${BROWSER}</arg>
<arg>headless=${HEADLESS}</arg>
<arg>timeout=${TIMEOUT}</arg>
<tag>BrowserControl</tag>
<tag>Setter</tag>
<doc>Create a new playwright Browser with specified options.</doc>
<status status="PASS" start="2025-04-24T11:43:16.415302" elapsed="1.493386"/>
</kw>
<kw name="New Page" owner="Browser">
<msg time="2025-04-24T11:43:21.349397" level="INFO">Successfully initialized new page object and opened url: https://aanvraag.test.digitaaltaxatierapport.nl</msg>
<msg time="2025-04-24T11:43:21.349806" level="INFO">No context was open. New context was automatically opened when this page is created.</msg>
<arg>${BASE_URL_TEST}</arg>
<tag>BrowserControl</tag>
<tag>Setter</tag>
<doc>Open a new Page.</doc>
<status status="PASS" start="2025-04-24T11:43:17.909156" elapsed="3.440991"/>
</kw>
<doc>Opent test omgeving in een nieuwe browsersessie.</doc>
<status status="PASS" start="2025-04-24T11:43:16.415035" elapsed="4.935290"/>
</kw>
<doc>Laadt de test-omgeving en opent de inlogpagina en weigert cookies.</doc>
<status status="PASS" start="2025-04-24T11:43:16.403526" elapsed="4.946882"/>
</kw>
<kw name="Sleep" owner="BuiltIn">
<msg time="2025-04-24T11:43:31.352700" level="INFO">Slept 10 seconds.</msg>
<arg>10s</arg>
<doc>Pauses the test executed for the given time.</doc>
<status status="PASS" start="2025-04-24T11:43:21.351411" elapsed="10.001705"/>
</kw>
<kw name="Wait For Elements State" owner="Browser">
<msg time="2025-04-24T11:43:31.395682" level="INFO">Waited for Element with selector //h1[normalize-space()="Woningtaxatie aanvragen"] at state visible</msg>
<arg>//h1[normalize-space()="Woningtaxatie aanvragen"]</arg>
<arg>visible</arg>
<arg>timeout=30s</arg>
<tag>PageContent</tag>
<tag>Wait</tag>
<doc>Waits for the element found by ``selector`` to satisfy state option.</doc>
<status status="PASS" start="2025-04-24T11:43:31.354329" elapsed="0.041713"/>
</kw>
<kw name="Woningtaxatie Aanvragen" owner="aanvraag_straat">
<kw name="Get Text" owner="Browser">
<msg time="2025-04-24T11:43:31.463953" level="INFO">Text: 'Woningtaxatie aanvragen'</msg>
<arg>//h1[normalize-space()="Woningtaxatie aanvragen"]</arg>
<arg>==</arg>
<arg>Woningtaxatie aanvragen</arg>
<tag>Assertion</tag>
<tag>Getter</tag>
<tag>PageContent</tag>
<doc>Returns text attribute of the element found by ``selector``.</doc>
<status status="PASS" start="2025-04-24T11:43:31.398133" elapsed="0.066105"/>
</kw>
<kw name="Get Text" owner="Browser">
<msg time="2025-04-24T11:43:31.486678" level="INFO">Text: 'Consument'</msg>
<arg>//h6[normalize-space()="Consument"]</arg>
<arg>==</arg>
<arg>Consument</arg>
<tag>Assertion</tag>
<tag>Getter</tag>
<tag>PageContent</tag>
<doc>Returns text attribute of the element found by ``selector``.</doc>
<status status="PASS" start="2025-04-24T11:43:31.464437" elapsed="0.022530"/>
</kw>
<kw name="Get Text" owner="Browser">
<msg time="2025-04-24T11:43:31.505456" level="INFO">Text: 'Taxateur'</msg>
<arg>//h6[normalize-space()="Taxateur"]</arg>
<arg>==</arg>
<arg>Taxateur</arg>
<tag>Assertion</tag>
<tag>Getter</tag>
<tag>PageContent</tag>
<doc>Returns text attribute of the element found by ``selector``.</doc>
<status status="PASS" start="2025-04-24T11:43:31.487161" elapsed="0.018725"/>
</kw>
<kw name="Get Text" owner="Browser">
<msg time="2025-04-24T11:43:31.521296" level="INFO">Text: 'Geldverstrekker'</msg>
<arg>//h6[normalize-space()="Geldverstrekker"]</arg>
<arg>==</arg>
<arg>Geldverstrekker</arg>
<tag>Assertion</tag>
<tag>Getter</tag>
<tag>PageContent</tag>
<doc>Returns text attribute of the element found by ``selector``.</doc>
<status status="PASS" start="2025-04-24T11:43:31.506206" elapsed="0.015381"/>
</kw>
<kw name="Get Text" owner="Browser">
<msg time="2025-04-24T11:43:31.539524" level="INFO">Text: 'Tussenpersoon'</msg>
<arg>//h6[normalize-space()="Tussenpersoon"]</arg>
<arg>==</arg>
<arg>Tussenpersoon</arg>
<tag>Assertion</tag>
<tag>Getter</tag>
<tag>PageContent</tag>
<doc>Returns text attribute of the element found by ``selector``.</doc>
<status status="PASS" start="2025-04-24T11:43:31.521802" elapsed="0.018005"/>
</kw>
<kw name="Get Text" owner="Browser">
<msg time="2025-04-24T11:43:31.565543" level="INFO">Text: 'Woningcorporatie'</msg>
<arg>//h6[normalize-space()="Woningcorporatie"]</arg>
<arg>==</arg>
<arg>Woningcorporatie</arg>
<tag>Assertion</tag>
<tag>Getter</tag>
<tag>PageContent</tag>
<doc>Returns text attribute of the element found by ``selector``.</doc>
<status status="PASS" start="2025-04-24T11:43:31.540027" elapsed="0.025838"/>
</kw>
<doc>Verifieert de aanwezigheid van de elementen op de Woningtaxatie aanvragen pagina.</doc>
<status status="PASS" start="2025-04-24T11:43:31.397293" elapsed="0.168803"/>
</kw>
<kw name="Kies Ingang" owner="aanvraag_straat">
<kw name="Click" owner="Browser">
<msg time="2025-04-24T11:43:31.571053" level="INFO">Clicks the element '//h6[normalize-space()="Tussenpersoon"]'.</msg>
<arg>//h6[normalize-space()="${ingang}"]</arg>
<tag>PageContent</tag>
<tag>Setter</tag>
<doc>Simulates mouse click on the element found by ``selector``.</doc>
<status status="PASS" start="2025-04-24T11:43:31.569927" elapsed="0.115197"/>
</kw>
<arg>Tussenpersoon</arg>
<doc>Selecteert de ingang op basis van de opgegeven waarde.</doc>
<status status="PASS" start="2025-04-24T11:43:31.568924" elapsed="0.116721"/>
</kw>
<kw name="Vul Adresgegevens" owner="aanvraag_straat_keywords">
<kw name="Postcode Huisnummer" owner="aanvraag_straat">
<kw name="Type Text" owner="Browser">
<msg time="2025-04-24T11:43:31.691360" level="INFO">Types the text '5398JJ' in the given field.</msg>
<arg>//input[@id="searchPostcode"]</arg>
<arg>${postcode}</arg>
<tag>PageContent</tag>
<tag>Setter</tag>
<doc>Types the given ``txt`` into the text field found by ``selector``.</doc>
<status status="PASS" start="2025-04-24T11:43:31.690048" elapsed="0.230000"/>
</kw>
<kw name="Type Text" owner="Browser">
<msg time="2025-04-24T11:43:31.922820" level="INFO">Types the text '57' in the given field.</msg>
<arg>//input[@id="searchHouseNumber"]</arg>
<arg>${huisnummer}</arg>
<tag>PageContent</tag>
<tag>Setter</tag>
<doc>Types the given ``txt`` into the text field found by ``selector``.</doc>
<status status="PASS" start="2025-04-24T11:43:31.921120" elapsed="0.102250"/>
</kw>
<arg>${postcode}</arg>
<arg>${huisnummer}</arg>
<doc>Voert postcode en huisnummer in.</doc>
<status status="PASS" start="2025-04-24T11:43:31.689044" elapsed="0.334966"/>
</kw>
<kw name="Zoeken" owner="aanvraag_straat">
<kw name="Click" owner="Browser">
<msg time="2025-04-24T11:43:32.029792" level="INFO">Clicks the element 'css=button &gt;&gt; text=Zoeken'.</msg>
<arg>css=button &gt;&gt; text=Zoeken</arg>
<tag>PageContent</tag>
<tag>Setter</tag>
<doc>Simulates mouse click on the element found by ``selector``.</doc>
<status status="PASS" start="2025-04-24T11:43:32.027991" elapsed="0.094265"/>
</kw>
<doc>Klikt op de knop "Zoeken".</doc>
<status status="PASS" start="2025-04-24T11:43:32.025281" elapsed="0.097198"/>
</kw>
<kw name="Adres Selecteren Zonder Huisnummertoevoeging" owner="aanvraag_straat">
<kw name="Hover" owner="Browser">
<arg>//span[normalize-space()="${straat} ${huisnummer}"]</arg>
<tag>PageContent</tag>
<tag>Setter</tag>
<doc>Moves the virtual mouse and scrolls to the element found by ``selector``.</doc>
<status status="PASS" start="2025-04-24T11:43:32.123157" elapsed="0.915151"/>
</kw>
<kw name="Click" owner="Browser">
<msg time="2025-04-24T11:43:33.039606" level="INFO">Clicks the element '//span[normalize-space()="Provincialeweg 57"]'.</msg>
<arg>//span[normalize-space()="${straat} ${huisnummer}"]</arg>
<tag>PageContent</tag>
<tag>Setter</tag>
<doc>Simulates mouse click on the element found by ``selector``.</doc>
<status status="PASS" start="2025-04-24T11:43:33.038701" elapsed="0.044492"/>
</kw>
<kw name="Hover" owner="Browser">
<arg>css=button &gt;&gt; text=Selecteer</arg>
<tag>PageContent</tag>
<tag>Setter</tag>
<doc>Moves the virtual mouse and scrolls to the element found by ``selector``.</doc>
<status status="PASS" start="2025-04-24T11:43:33.083433" elapsed="0.053822"/>
</kw>
<arg>${straatnaam}</arg>
<arg>${huisnummer}</arg>
<doc>Selecteert een adres zonder huisnummertoevoeging.</doc>
<status status="PASS" start="2025-04-24T11:43:32.122669" elapsed="1.014831"/>
</kw>
<arg>5398JJ</arg>
<arg>57</arg>
<arg>Provincialeweg</arg>
<doc>Vul de adresgegevens in.</doc>
<status status="PASS" start="2025-04-24T11:43:31.687738" elapsed="1.449891"/>
</kw>
<kw name="Selecteer Adres" owner="aanvraag_straat_keywords">
<kw name="Selecteer" owner="aanvraag_straat">
<kw name="Click" owner="Browser">
<msg time="2025-04-24T11:43:33.139999" level="INFO">Clicks the element 'css=button &gt;&gt; text=Selecteer'.</msg>
<arg>css=button &gt;&gt; text=Selecteer</arg>
<tag>PageContent</tag>
<tag>Setter</tag>
<doc>Simulates mouse click on the element found by ``selector``.</doc>
<status status="PASS" start="2025-04-24T11:43:33.139401" elapsed="0.119161"/>
</kw>
<doc>Klikt op de knop "Selecteer".</doc>
<status status="PASS" start="2025-04-24T11:43:33.138934" elapsed="0.120024"/>
</kw>
<status status="PASS" start="2025-04-24T11:43:33.138392" elapsed="0.120832"/>
</kw>
<kw name="Vul Bouwgegevens" owner="aanvraag_straat_keywords">
<kw name="Soort Bouw" owner="aanvraag_straat">
<kw name="Get Text" owner="Browser">
<msg time="2025-04-24T11:43:33.607293" level="INFO">Text: 'Om welk type bouw gaat het?'</msg>
<arg>//h2[normalize-space()="Om welk type bouw gaat het?"]</arg>
<arg>==</arg>
<arg>Om welk type bouw gaat het?</arg>
<tag>Assertion</tag>
<tag>Getter</tag>
<tag>PageContent</tag>
<doc>Returns text attribute of the element found by ``selector``.</doc>
<status status="PASS" start="2025-04-24T11:43:33.267484" elapsed="0.340690"/>
</kw>
<kw name="Click" owner="Browser">
<msg time="2025-04-24T11:43:33.614851" level="INFO">Clicks the element '//label[normalize-space()="Bestaande bouw"]'.</msg>
<arg>//label[normalize-space()="${soortbouw}"]</arg>
<tag>PageContent</tag>
<tag>Setter</tag>
<doc>Simulates mouse click on the element found by ``selector``.</doc>
<status status="PASS" start="2025-04-24T11:43:33.609895" elapsed="0.130598"/>
</kw>
<arg>${soort_bouw}</arg>
<doc>Selecteert het type bouw.</doc>
<status status="PASS" start="2025-04-24T11:43:33.266574" elapsed="0.474515"/>
</kw>
<kw name="Volgende" owner="aanvraag_straat">
<kw name="Click" owner="Browser">
<msg time="2025-04-24T11:43:33.749715" level="INFO">Clicks the element 'css=button &gt;&gt; text=Volgende'.</msg>
<arg>css=button &gt;&gt; text=Volgende</arg>
<tag>PageContent</tag>
<tag>Setter</tag>
<doc>Simulates mouse click on the element found by ``selector``.</doc>
<status status="PASS" start="2025-04-24T11:43:33.746301" elapsed="0.177890"/>
</kw>
<doc>Klikt op de knop "Volgende".</doc>
<status status="PASS" start="2025-04-24T11:43:33.743011" elapsed="0.182064"/>
</kw>
<arg>Bestaande bouw</arg>
<doc>Vul de bouwgegevens in.</doc>
<status status="PASS" start="2025-04-24T11:43:33.261653" elapsed="0.663720"/>
</kw>
<kw name="Vul Doelgegevens" owner="aanvraag_straat_keywords">
<kw name="Doel" owner="aanvraag_straat">
<kw name="Get Text" owner="Browser">
<msg time="2025-04-24T11:43:34.086637" level="INFO">Text: 'Doel van taxatie'</msg>
<arg>//h2[normalize-space()="Doel van taxatie"]</arg>
<arg>==</arg>
<arg>Doel van taxatie</arg>
<tag>Assertion</tag>
<tag>Getter</tag>
<tag>PageContent</tag>
<doc>Returns text attribute of the element found by ``selector``.</doc>
<status status="PASS" start="2025-04-24T11:43:33.935293" elapsed="0.152165"/>
</kw>
<kw name="Run Keyword If" owner="BuiltIn">
<kw name="Click" owner="Browser">
<msg time="2025-04-24T11:43:34.094692" level="INFO">Clicks the element '//label[contains(text(),"De woning gedwongen verkopen (in opdracht van een afdeling Bijzonder Beheer)")]'.</msg>
<arg>//label[contains(text(),"De woning gedwongen verkopen (in opdracht van een afdeling Bijzonder Beheer)")]</arg>
<tag>PageContent</tag>
<tag>Setter</tag>
<doc>Simulates mouse click on the element found by ``selector``.</doc>
<status status="PASS" start="2025-04-24T11:43:34.091015" elapsed="0.071109"/>
</kw>
<arg>'${doel}' == 'Financiering'</arg>
<arg>Click</arg>
<arg>//label[normalize-space()="Een lening krijgen of aanpassen (financiering)"]</arg>
<arg>ELSE IF</arg>
<arg>'${doel}' == 'Aankoopbeslissing'</arg>
<arg>Click</arg>
<arg>//label[normalize-space()="U wilt de woning kopen (aankoopbeslissing)"]</arg>
<arg>ELSE IF</arg>
<arg>'${doel}' == 'Gedwongen Verkoop'</arg>
<arg>Click</arg>
<arg>//label[contains(text(),"De woning gedwongen verkopen (in opdracht van een afdeling Bijzonder Beheer)")]</arg>
<arg>ELSE IF</arg>
<arg>'${doel}' == 'Een Andere Reden'</arg>
<arg>Click</arg>
<arg>//label[contains(text(),"Een andere reden, namelijk (bijvoorbeeld voor een boedelscheiding of een vereffening van een erfenis")]</arg>
<arg>ELSE</arg>
<arg>Fail</arg>
<arg>"Invalid doel value: ${doel}"</arg>
<doc>Runs the given keyword with the given arguments, if ``condition`` is true.</doc>
<status status="PASS" start="2025-04-24T11:43:34.089173" elapsed="0.073347"/>
</kw>
<arg>${doel}</arg>
<doc>Selecteert het doel van de taxatie.</doc>
<status status="PASS" start="2025-04-24T11:43:33.931712" elapsed="0.231270"/>
</kw>
<kw name="Volgende" owner="aanvraag_straat">
<kw name="Click" owner="Browser">
<msg time="2025-04-24T11:43:34.164734" level="INFO">Clicks the element 'css=button &gt;&gt; text=Volgende'.</msg>
<arg>css=button &gt;&gt; text=Volgende</arg>
<tag>PageContent</tag>
<tag>Setter</tag>
<doc>Simulates mouse click on the element found by ``selector``.</doc>
<status status="PASS" start="2025-04-24T11:43:34.163991" elapsed="0.064635"/>
</kw>
<doc>Klikt op de knop "Volgende".</doc>
<status status="PASS" start="2025-04-24T11:43:34.163315" elapsed="0.065795"/>
</kw>
<arg>Gedwongen Verkoop</arg>
<doc>Vul het doel van de aanvraag in.</doc>
<status status="PASS" start="2025-04-24T11:43:33.927936" elapsed="0.301400"/>
</kw>
<kw name="Vul Tussenpersoongegevens" owner="aanvraag_straat_keywords">
<kw name="Tussenpersoon" owner="aanvraag_straat">
<kw name="Get Text" owner="Browser">
<msg time="2025-04-24T11:43:34.578615" level="INFO">Text: 'Tussenpersoon'</msg>
<arg>//h2[normalize-space()="Tussenpersoon"]</arg>
<arg>==</arg>
<arg>Tussenpersoon</arg>
<tag>Assertion</tag>
<tag>Getter</tag>
<tag>PageContent</tag>
<doc>Returns text attribute of the element found by ``selector``.</doc>
<status status="PASS" start="2025-04-24T11:43:34.234170" elapsed="0.344789"/>
</kw>
<status status="PASS" start="2025-04-24T11:43:34.233265" elapsed="0.345933"/>
</kw>
<kw name="Opvoeren Tekst Combobox" owner="aanvraag_straat">
<kw name="Type Text" owner="Browser">
<msg time="2025-04-24T11:43:34.582446" level="INFO">Types the text 'Redert Advies' in the given field.</msg>
<arg>css=[id^="headlessui-combobox-input-:"]</arg>
<arg>${comboboxtekst}</arg>
<tag>PageContent</tag>
<tag>Setter</tag>
<doc>Types the given ``txt`` into the text field found by ``selector``.</doc>
<status status="PASS" start="2025-04-24T11:43:34.581338" elapsed="0.103849"/>
</kw>
<arg>${tussenpersoon}</arg>
<status status="PASS" start="2025-04-24T11:43:34.579405" elapsed="0.106157"/>
</kw>
<kw name="Bevestig Keuze Combobox" owner="aanvraag_straat">
<kw name="Click" owner="Browser">
<msg time="2025-04-24T11:43:34.687202" level="INFO">Clicks the element 'css=[id^="headlessui-combobox-option-:"]'.</msg>
<msg time="2025-04-24T11:43:44.860221" level="INFO" html="true">&lt;/td&gt;&lt;/tr&gt;&lt;tr&gt;&lt;td colspan="3"&gt;&lt;a href="browser/screenshot/fail-screenshot-1.png" target="_blank"&gt;&lt;img src="browser/screenshot/fail-screenshot-1.png" width="800px"/&gt;&lt;/a&gt;</msg>
<msg time="2025-04-24T11:43:44.860561" level="INFO">See also file:///C:/Users/t.limadebarros/Documents/robotframe_test/results/playwright-log.txt for additional details.</msg>
<msg time="2025-04-24T11:43:44.861476" level="FAIL">TimeoutError: locator.click: Timeout 10000ms exceeded.
Call log:
  - waiting for locator('[id^="headlessui-combobox-option-:"]').first()
</msg>
<arg>css=[id^="headlessui-combobox-option-:"]</arg>
<tag>PageContent</tag>
<tag>Setter</tag>
<doc>Simulates mouse click on the element found by ``selector``.</doc>
<status status="FAIL" start="2025-04-24T11:43:34.686488" elapsed="10.365864">TimeoutError: locator.click: Timeout 10000ms exceeded.
Call log:
  - waiting for locator('[id^="headlessui-combobox-option-:"]').first()
</status>
</kw>
<status status="FAIL" start="2025-04-24T11:43:34.685866" elapsed="10.367320">TimeoutError: locator.click: Timeout 10000ms exceeded.
Call log:
  - waiting for locator('[id^="headlessui-combobox-option-:"]').first()
</status>
</kw>
<kw name="Volgende" owner="aanvraag_straat">
<doc>Klikt op de knop "Volgende".</doc>
<status status="NOT RUN" start="2025-04-24T11:43:45.054071" elapsed="0.000605"/>
</kw>
<arg>Redert Advies</arg>
<status status="FAIL" start="2025-04-24T11:43:34.232122" elapsed="10.823002">TimeoutError: locator.click: Timeout 10000ms exceeded.
Call log:
  - waiting for locator('[id^="headlessui-combobox-option-:"]').first()
</status>
</kw>
<kw name="Vul Geldverstrekkergegevens" owner="aanvraag_straat_keywords">
<arg>AEGON Bijzonder Beheer</arg>
<status status="NOT RUN" start="2025-04-24T11:43:45.056181" elapsed="0.000324"/>
</kw>
<kw name="Vul Opdrachtgever Relatie" owner="aanvraag_straat_keywords">
<status status="NOT RUN" start="2025-04-24T11:43:45.057359" elapsed="0.000337"/>
</kw>
<kw name="Vul Opdrachtvoorwaarden" owner="aanvraag_straat_keywords">
<status status="NOT RUN" start="2025-04-24T11:43:45.058258" elapsed="0.000288"/>
</kw>
<kw name="Vul Waardepeildatum" owner="aanvraag_straat_keywords">
<arg>01-04-2025</arg>
<status status="NOT RUN" start="2025-04-24T11:43:45.059003" elapsed="0.000228"/>
</kw>
<kw name="Vul Vervolg Opdrachtvoorwaarden" owner="aanvraag_straat_keywords">
<arg>Geen aanvullende afspraken</arg>
<arg>0</arg>
<arg>561,99</arg>
<arg>89,49</arg>
<status status="NOT RUN" start="2025-04-24T11:43:45.059721" elapsed="0.000241"/>
</kw>
<kw name="Vul Taxateurgegevens" owner="aanvraag_straat_keywords">
<arg>NWWI Test Kantoor</arg>
<status status="NOT RUN" start="2025-04-24T11:43:45.060539" elapsed="0.000438"/>
</kw>
<kw name="Controleer En Verstuur Aanvraag" owner="aanvraag_straat_keywords">
<status status="NOT RUN" start="2025-04-24T11:43:45.061543" elapsed="0.000161"/>
</kw>
<kw name="Take Screenshot" owner="Browser" type="TEARDOWN">
<msg time="2025-04-24T11:43:45.175399" level="INFO" html="true">&lt;/td&gt;&lt;/tr&gt;&lt;tr&gt;&lt;td colspan="3"&gt;&lt;a href="browser/screenshot/robotframework-browser-screenshot-1.png" target="_blank"&gt;&lt;img src="browser/screenshot/robotframework-browser-screenshot-1.png" width="800px"/&gt;&lt;/a&gt;</msg>
<tag>PageContent</tag>
<doc>Takes a screenshot of the current window or element and saves it to disk.</doc>
<status status="PASS" start="2025-04-24T11:43:45.062784" elapsed="0.113077"/>
</kw>
<msg time="2025-04-24T11:43:45.181450" level="INFO">Set timeout to: 10000</msg>
<msg time="2025-04-24T11:43:45.201479" level="INFO">Switching context to context=74b9527c-d143-40e7-98c0-1ae51de6229e in CURRENT</msg>
<msg time="2025-04-24T11:43:45.210841" level="INFO">Successfully changed active context: context=74b9527c-d143-40e7-98c0-1ae51de6229e</msg>
<msg time="2025-04-24T11:43:45.226374" level="INFO">Successfully closed Context</msg>
<status status="FAIL" start="2025-04-24T11:43:16.394656" elapsed="28.781994">TimeoutError: locator.click: Timeout 10000ms exceeded.
Call log:
  - waiting for locator('[id^="headlessui-combobox-option-:"]').first()
</status>
</test>
<status status="FAIL" start="2025-04-24T11:43:16.088651" elapsed="29.143441"/>
</suite>
<status status="FAIL" start="2025-04-24T11:43:16.083297" elapsed="29.165455"/>
</suite>
<status status="FAIL" start="2025-04-24T11:43:16.060556" elapsed="29.193295"/>
</suite>
<statistics>
<total>
<stat pass="0" fail="1" skip="0">All Tests</stat>
</total>
<tag>
</tag>
<suite>
<stat name="Robotframe Test" id="s1" pass="0" fail="1" skip="0">Robotframe Test</stat>
<stat name="Tests" id="s1-s1" pass="0" fail="1" skip="0">Robotframe Test.Tests</stat>
<stat name="Aanvraag Bijzonder Beheer" id="s1-s1-s1" pass="0" fail="1" skip="0">Robotframe Test.Tests.Aanvraag Bijzonder Beheer</stat>
</suite>
</statistics>
<errors>
</errors>
</robot>
